# JRE version: Java(TM) SE Runtime Environment 18.9 (11.0.11+9) (build 11.0.11+9-LTS-194)
# Java VM: Java HotSpot(TM) 64-Bit Server VM 18.9 (11.0.11+9-LTS-194, mixed mode, tiered, compressed oops, g1 gc, windows-amd64)
Heap:
 garbage-first heap   total 183296K, used 50268K [0x0000000084400000, 0x0000000100000000)
  region size 1024K, 8 young (8192K), 1 survivors (1024K)
 Metaspace       used 96433K, capacity 98646K, committed 98944K, reserved 1136640K
  class space    used 11672K, capacity 12548K, committed 12672K, reserved 1048576K
GC Heap History (10 events):
Event: 49434.415 GC heap before
{Heap before GC invocations=46 (full 0):
 garbage-first heap   total 183296K, used 147514K [0x0000000084400000, 0x0000000100000000)
  region size 1024K, 106 young (108544K), 4 survivors (4096K)
 Metaspace       used 96427K, capacity 98646K, committed 98944K, reserved 1136640K
  class space    used 11670K, capacity 12548K, committed 12672K, reserved 1048576K
}
Event: 49434.514 GC heap after
{Heap after GC invocations=47 (full 0):
 garbage-first heap   total 183296K, used 44320K [0x0000000084400000, 0x0000000100000000)
  region size 1024K, 4 young (4096K), 4 survivors (4096K)
 Metaspace       used 96427K, capacity 98646K, committed 98944K, reserved 1136640K
  class space    used 11670K, capacity 12548K, committed 12672K, reserved 1048576K
}
Event: 49442.475 GC heap before
{Heap before GC invocations=47 (full 0):
 garbage-first heap   total 183296K, used 149792K [0x0000000084400000, 0x0000000100000000)
  region size 1024K, 107 young (109568K), 4 survivors (4096K)
 Metaspace       used 96428K, capacity 98646K, committed 98944K, reserved 1136640K
  class space    used 11670K, capacity 12548K, committed 12672K, reserved 1048576K
}
Event: 49442.487 GC heap after
{Heap after GC invocations=48 (full 0):
 garbage-first heap   total 183296K, used 44192K [0x0000000084400000, 0x0000000100000000)
  region size 1024K, 1 young (1024K), 1 survivors (1024K)
 Metaspace       used 96428K, capacity 98646K, committed 98944K, reserved 1136640K
  class space    used 11670K, capacity 12548K, committed 12672K, reserved 1048576K
}
Event: 49463.128 GC heap before
{Heap before GC invocations=48 (full 0):
 garbage-first heap   total 183296K, used 150688K [0x0000000084400000, 0x0000000100000000)
  region size 1024K, 105 young (107520K), 1 survivors (1024K)
 Metaspace       used 96428K, capacity 98646K, committed 98944K, reserved 1136640K
  class space    used 11671K, capacity 12548K, committed 12672K, reserved 1048576K
}
Event: 49463.153 GC heap after
{Heap after GC invocations=49 (full 0):
 garbage-first heap   total 183296K, used 44101K [0x0000000084400000, 0x0000000100000000)
  region size 1024K, 1 young (1024K), 1 survivors (1024K)
 Metaspace       used 96428K, capacity 98646K, committed 98944K, reserved 1136640K
  class space    used 11671K, capacity 12548K, committed 12672K, reserved 1048576K
}
Event: 49474.587 GC heap before
{Heap before GC invocations=49 (full 0):
 garbage-first heap   total 183296K, used 149573K [0x0000000084400000, 0x0000000100000000)
  region size 1024K, 105 young (107520K), 1 survivors (1024K)
 Metaspace       used 96433K, capacity 98646K, committed 98944K, reserved 1136640K
  class space    used 11672K, capacity 12548K, committed 12672K, reserved 1048576K
}
Event: 49474.593 GC heap after
{Heap after GC invocations=50 (full 0):
 garbage-first heap   total 183296K, used 44107K [0x0000000084400000, 0x0000000100000000)
  region size 1024K, 1 young (1024K), 1 survivors (1024K)
 Metaspace       used 96433K, capacity 98646K, committed 98944K, reserved 1136640K
  class space    used 11672K, capacity 12548K, committed 12672K, reserved 1048576K
}
Event: 49482.999 GC heap before
{Heap before GC invocations=50 (full 0):
 garbage-first heap   total 183296K, used 151627K [0x0000000084400000, 0x0000000100000000)
  region size 1024K, 106 young (108544K), 1 survivors (1024K)
 Metaspace       used 96433K, capacity 98646K, committed 98944K, reserved 1136640K
  class space    used 11672K, capacity 12548K, committed 12672K, reserved 1048576K
}
Event: 49483.006 GC heap after
{Heap after GC invocations=51 (full 0):
 garbage-first heap   total 183296K, used 44124K [0x0000000084400000, 0x0000000100000000)
  region size 1024K, 1 young (1024K), 1 survivors (1024K)
 Metaspace       used 96433K, capacity 98646K, committed 98944K, reserved 1136640K
  class space    used 11672K, capacity 12548K, committed 12672K, reserved 1048576K
}

